PLINK v1.90b6.1 64-bit (28 May 2018)
Options in effect:
  --bfile ../test-data/data500-pruned
  --keep-allele-order
  --out PCA/pca_data500-pruned
  --pca 10 header

Hostname: ip-172-30-0-160
Working directory: /home/galaxy/new_database/galaxy/tools/gemma/gemma-gwas-scripts
Start time: Tue Jun 23 06:55:51 2020

Random number seed: 1592895351
7982 MB RAM detected; reserving 3991 MB for main workspace.
629069 variants loaded from .bim file.
500 people (0 males, 0 females, 500 ambiguous) loaded from .fam.
Ambiguous sex IDs written to PCA/pca_data500-pruned.nosex .
500 phenotype values loaded from .fam.
Warning: Ignoring phenotypes of missing-sex samples.  If you don't want those
phenotypes to be ignored, use the --allow-no-sex flag.
Using up to 2 threads (change this with --threads).
Before main variant filters, 500 founders and 0 nonfounders present.
Calculating allele frequencies... done.
Total genotyping rate is 0.969262.
629069 variants and 500 people pass filters and QC.
Note: No phenotypes present.
Relationship matrix calculation complete.
--pca: Results saved to PCA/pca_data500-pruned.eigenval and
PCA/pca_data500-pruned.eigenvec .

End time: Tue Jun 23 06:56:02 2020
